#0 building with "default" instance using docker driver

#1 [internal] load build definition from Dockerfile
#1 transferring dockerfile: 1.56kB done
#1 DONE 0.0s

#2 [internal] load metadata for docker.io/library/node:18-bullseye
#2 DONE 7.9s

#3 [internal] load metadata for docker.io/library/python:3.11-slim
#3 DONE 13.2s

#4 [internal] load .dockerignore
#4 transferring context: 2B done
#4 DONE 0.0s

#5 [django 1/6] FROM docker.io/library/python:3.11-slim@sha256:ff8533f48e12b705fc20d339fde2ec61d0b234dd9366bab3bc84d7b70a45c8c0
#5 resolve docker.io/library/python:3.11-slim@sha256:ff8533f48e12b705fc20d339fde2ec61d0b234dd9366bab3bc84d7b70a45c8c0 0.0s done
#5 sha256:8c7716127147648c1751940b9709b6325f2256290d3201662eca2701cadb2cdf 0B / 29.78MB 0.1s
#5 sha256:c72c567266265eaf3c81cecf291e32dc35cb03f44a34cc37c4bb2c3f1ca6741c 0B / 4.25MB 0.1s
#5 sha256:76d93c681ade9d7ff7e4e590094f416d05d02ce51cb023dbb97acd48c3073470 0B / 14.36MB 0.1s
#5 sha256:ff8533f48e12b705fc20d339fde2ec61d0b234dd9366bab3bc84d7b70a45c8c0 10.37kB / 10.37kB done
#5 sha256:6818dcc897e2708bf24af119860e4d678d9d40a725264beb20d4988deef1ccfe 1.75kB / 1.75kB done
#5 sha256:7bbe597de5c76e70498898003b3e0402a6f4ef23b0ba30d33acd8d1af863f128 5.38kB / 5.38kB done
#5 ...

#6 [internal] load build context
#6 transferring context: 9.85MB 0.9s done
#6 DONE 1.0s

#5 [django 1/6] FROM docker.io/library/python:3.11-slim@sha256:ff8533f48e12b705fc20d339fde2ec61d0b234dd9366bab3bc84d7b70a45c8c0
#5 sha256:c72c567266265eaf3c81cecf291e32dc35cb03f44a34cc37c4bb2c3f1ca6741c 1.05MB / 4.25MB 3.8s
#5 sha256:8c7716127147648c1751940b9709b6325f2256290d3201662eca2701cadb2cdf 2.10MB / 29.78MB 5.0s
#5 sha256:76d93c681ade9d7ff7e4e590094f416d05d02ce51cb023dbb97acd48c3073470 0B / 14.36MB 5.2s
#5 sha256:c72c567266265eaf3c81cecf291e32dc35cb03f44a34cc37c4bb2c3f1ca6741c 2.10MB / 4.25MB 7.6s
#5 sha256:8c7716127147648c1751940b9709b6325f2256290d3201662eca2701cadb2cdf 3.15MB / 29.78MB 10.1s
#5 ...

#7 [nodebot 1/6] FROM docker.io/library/node:18-bullseye@sha256:0d9e9a8dcd5a83ea737ed92227a6591a31ad70c8bb722b0c51aff7ae23a88b6a
#7 resolve docker.io/library/node:18-bullseye@sha256:0d9e9a8dcd5a83ea737ed92227a6591a31ad70c8bb722b0c51aff7ae23a88b6a 0.0s done
#7 sha256:0d9e9a8dcd5a83ea737ed92227a6591a31ad70c8bb722b0c51aff7ae23a88b6a 3.92kB / 3.92kB done
#7 sha256:3a933e69ff5df3650c76226e3563d9d193513e9987325d2edf2e41bbd235daec 2.50kB / 2.50kB done
#7 sha256:31819134fee7daa8468a4795187739ccb118fc0f6172927f1bb4577d8235c31a 6.38kB / 6.38kB done
#7 ...

#5 [django 1/6] FROM docker.io/library/python:3.11-slim@sha256:ff8533f48e12b705fc20d339fde2ec61d0b234dd9366bab3bc84d7b70a45c8c0
#5 sha256:76d93c681ade9d7ff7e4e590094f416d05d02ce51cb023dbb97acd48c3073470 0B / 14.36MB 10.2s
#5 sha256:c72c567266265eaf3c81cecf291e32dc35cb03f44a34cc37c4bb2c3f1ca6741c 3.15MB / 4.25MB 12.2s
#5 sha256:8c7716127147648c1751940b9709b6325f2256290d3201662eca2701cadb2cdf 4.19MB / 29.78MB 15.1s
#5 sha256:76d93c681ade9d7ff7e4e590094f416d05d02ce51cb023dbb97acd48c3073470 0B / 14.36MB 15.3s
#5 sha256:c72c567266265eaf3c81cecf291e32dc35cb03f44a34cc37c4bb2c3f1ca6741c 3.15MB / 4.25MB 17.3s
#5 sha256:c72c567266265eaf3c81cecf291e32dc35cb03f44a34cc37c4bb2c3f1ca6741c 4.19MB / 4.25MB 19.2s
#5 sha256:c72c567266265eaf3c81cecf291e32dc35cb03f44a34cc37c4bb2c3f1ca6741c 4.25MB / 4.25MB 19.6s done
#5 sha256:80061c640d6316e0810fd1007261f33680529077a173449bba4b55579c66db45 0B / 250B 19.7s
#5 sha256:8c7716127147648c1751940b9709b6325f2256290d3201662eca2701cadb2cdf 5.24MB / 29.78MB 20.2s
#5 sha256:80061c640d6316e0810fd1007261f33680529077a173449bba4b55579c66db45 250B / 250B 20.2s done
#5 ...

#7 [nodebot 1/6] FROM docker.io/library/node:18-bullseye@sha256:0d9e9a8dcd5a83ea737ed92227a6591a31ad70c8bb722b0c51aff7ae23a88b6a
#7 sha256:54107f2de180b7b6e9f909d2f1c6c18e10c700a6bd80a035d931768b06bb2905 0B / 53.75MB 20.3s
#7 sha256:54107f2de180b7b6e9f909d2f1c6c18e10c700a6bd80a035d931768b06bb2905 3.15MB / 53.75MB 25.3s
#7 ...

#5 [django 1/6] FROM docker.io/library/python:3.11-slim@sha256:ff8533f48e12b705fc20d339fde2ec61d0b234dd9366bab3bc84d7b70a45c8c0
#5 sha256:8c7716127147648c1751940b9709b6325f2256290d3201662eca2701cadb2cdf 6.29MB / 29.78MB 27.8s
#5 sha256:76d93c681ade9d7ff7e4e590094f416d05d02ce51cb023dbb97acd48c3073470 0B / 14.36MB 27.8s
#5 sha256:8c7716127147648c1751940b9709b6325f2256290d3201662eca2701cadb2cdf 6.29MB / 29.78MB 32.8s
#5 sha256:76d93c681ade9d7ff7e4e590094f416d05d02ce51cb023dbb97acd48c3073470 0B / 14.36MB 32.8s
#5 sha256:8c7716127147648c1751940b9709b6325f2256290d3201662eca2701cadb2cdf 7.34MB / 29.78MB 37.8s
#5 sha256:76d93c681ade9d7ff7e4e590094f416d05d02ce51cb023dbb97acd48c3073470 0B / 14.36MB 37.8s
#5 ...

#7 [nodebot 1/6] FROM docker.io/library/node:18-bullseye@sha256:0d9e9a8dcd5a83ea737ed92227a6591a31ad70c8bb722b0c51aff7ae23a88b6a
#7 sha256:54107f2de180b7b6e9f909d2f1c6c18e10c700a6bd80a035d931768b06bb2905 11.53MB / 53.75MB 38.0s
#7 ...

#5 [django 1/6] FROM docker.io/library/python:3.11-slim@sha256:ff8533f48e12b705fc20d339fde2ec61d0b234dd9366bab3bc84d7b70a45c8c0
#5 sha256:76d93c681ade9d7ff7e4e590094f416d05d02ce51cb023dbb97acd48c3073470 1.05MB / 14.36MB 39.0s
#5 sha256:8c7716127147648c1751940b9709b6325f2256290d3201662eca2701cadb2cdf 7.34MB / 29.78MB 42.9s
#5 sha256:76d93c681ade9d7ff7e4e590094f416d05d02ce51cb023dbb97acd48c3073470 1.05MB / 14.36MB 44.1s
#5 sha256:8c7716127147648c1751940b9709b6325f2256290d3201662eca2701cadb2cdf 8.39MB / 29.78MB 48.0s
#5 ...

#7 [nodebot 1/6] FROM docker.io/library/node:18-bullseye@sha256:0d9e9a8dcd5a83ea737ed92227a6591a31ad70c8bb722b0c51aff7ae23a88b6a
#7 sha256:54107f2de180b7b6e9f909d2f1c6c18e10c700a6bd80a035d931768b06bb2905 18.87MB / 53.75MB 48.2s
#7 ...

#5 [django 1/6] FROM docker.io/library/python:3.11-slim@sha256:ff8533f48e12b705fc20d339fde2ec61d0b234dd9366bab3bc84d7b70a45c8c0
#5 sha256:76d93c681ade9d7ff7e4e590094f416d05d02ce51cb023dbb97acd48c3073470 1.05MB / 14.36MB 49.2s
#5 sha256:8c7716127147648c1751940b9709b6325f2256290d3201662eca2701cadb2cdf 8.39MB / 29.78MB 53.2s
#5 sha256:76d93c681ade9d7ff7e4e590094f416d05d02ce51cb023dbb97acd48c3073470 1.05MB / 14.36MB 54.3s
#5 sha256:8c7716127147648c1751940b9709b6325f2256290d3201662eca2701cadb2cdf 8.39MB / 29.78MB 58.3s
#5 ...

#7 [nodebot 1/6] FROM docker.io/library/node:18-bullseye@sha256:0d9e9a8dcd5a83ea737ed92227a6591a31ad70c8bb722b0c51aff7ae23a88b6a
#7 sha256:54107f2de180b7b6e9f909d2f1c6c18e10c700a6bd80a035d931768b06bb2905 26.21MB / 53.75MB 58.6s
#7 ...

#5 [django 1/6] FROM docker.io/library/python:3.11-slim@sha256:ff8533f48e12b705fc20d339fde2ec61d0b234dd9366bab3bc84d7b70a45c8c0
#5 sha256:76d93c681ade9d7ff7e4e590094f416d05d02ce51cb023dbb97acd48c3073470 1.05MB / 14.36MB 59.4s
#5 sha256:8c7716127147648c1751940b9709b6325f2256290d3201662eca2701cadb2cdf 9.44MB / 29.78MB 63.4s
#5 sha256:76d93c681ade9d7ff7e4e590094f416d05d02ce51cb023dbb97acd48c3073470 1.05MB / 14.36MB 64.5s
#5 sha256:8c7716127147648c1751940b9709b6325f2256290d3201662eca2701cadb2cdf 9.44MB / 29.78MB 68.4s
#5 ...

#7 [nodebot 1/6] FROM docker.io/library/node:18-bullseye@sha256:0d9e9a8dcd5a83ea737ed92227a6591a31ad70c8bb722b0c51aff7ae23a88b6a
#7 sha256:54107f2de180b7b6e9f909d2f1c6c18e10c700a6bd80a035d931768b06bb2905 33.55MB / 53.75MB 68.9s
#7 ...

#5 [django 1/6] FROM docker.io/library/python:3.11-slim@sha256:ff8533f48e12b705fc20d339fde2ec61d0b234dd9366bab3bc84d7b70a45c8c0
#5 sha256:76d93c681ade9d7ff7e4e590094f416d05d02ce51cb023dbb97acd48c3073470 1.05MB / 14.36MB 69.7s
#5 sha256:76d93c681ade9d7ff7e4e590094f416d05d02ce51cb023dbb97acd48c3073470 2.10MB / 14.36MB 70.3s
#5 sha256:8c7716127147648c1751940b9709b6325f2256290d3201662eca2701cadb2cdf 9.44MB / 29.78MB 73.5s
#5 sha256:76d93c681ade9d7ff7e4e590094f416d05d02ce51cb023dbb97acd48c3073470 2.10MB / 14.36MB 75.4s
#5 sha256:8c7716127147648c1751940b9709b6325f2256290d3201662eca2701cadb2cdf 10.49MB / 29.78MB 78.5s
#5 ...

#7 [nodebot 1/6] FROM docker.io/library/node:18-bullseye@sha256:0d9e9a8dcd5a83ea737ed92227a6591a31ad70c8bb722b0c51aff7ae23a88b6a
#7 sha256:54107f2de180b7b6e9f909d2f1c6c18e10c700a6bd80a035d931768b06bb2905 40.89MB / 53.75MB 79.1s
#7 ...

#5 [django 1/6] FROM docker.io/library/python:3.11-slim@sha256:ff8533f48e12b705fc20d339fde2ec61d0b234dd9366bab3bc84d7b70a45c8c0
#5 sha256:76d93c681ade9d7ff7e4e590094f416d05d02ce51cb023dbb97acd48c3073470 2.10MB / 14.36MB 80.4s
#5 sha256:8c7716127147648c1751940b9709b6325f2256290d3201662eca2701cadb2cdf 10.49MB / 29.78MB 83.6s
#5 sha256:76d93c681ade9d7ff7e4e590094f416d05d02ce51cb023dbb97acd48c3073470 2.10MB / 14.36MB 85.5s
#5 sha256:8c7716127147648c1751940b9709b6325f2256290d3201662eca2701cadb2cdf 11.53MB / 29.78MB 88.6s
#5 ...

#7 [nodebot 1/6] FROM docker.io/library/node:18-bullseye@sha256:0d9e9a8dcd5a83ea737ed92227a6591a31ad70c8bb722b0c51aff7ae23a88b6a
#7 sha256:54107f2de180b7b6e9f909d2f1c6c18e10c700a6bd80a035d931768b06bb2905 48.23MB / 53.75MB 89.4s
#7 ...

#5 [django 1/6] FROM docker.io/library/python:3.11-slim@sha256:ff8533f48e12b705fc20d339fde2ec61d0b234dd9366bab3bc84d7b70a45c8c0
#5 sha256:76d93c681ade9d7ff7e4e590094f416d05d02ce51cb023dbb97acd48c3073470 2.10MB / 14.36MB 90.6s
#5 sha256:8c7716127147648c1751940b9709b6325f2256290d3201662eca2701cadb2cdf 11.53MB / 29.78MB 93.7s
#5 sha256:76d93c681ade9d7ff7e4e590094f416d05d02ce51cb023dbb97acd48c3073470 2.10MB / 14.36MB 95.6s
#5 sha256:8c7716127147648c1751940b9709b6325f2256290d3201662eca2701cadb2cdf 12.58MB / 29.78MB 98.7s
#5 ...

#7 [nodebot 1/6] FROM docker.io/library/node:18-bullseye@sha256:0d9e9a8dcd5a83ea737ed92227a6591a31ad70c8bb722b0c51aff7ae23a88b6a
#7 sha256:54107f2de180b7b6e9f909d2f1c6c18e10c700a6bd80a035d931768b06bb2905 53.75MB / 53.75MB 96.5s done
#7 extracting sha256:54107f2de180b7b6e9f909d2f1c6c18e10c700a6bd80a035d931768b06bb2905 1.4s done
#7 sha256:06b6c820e694a6c19c297492ef4009391c7dfc83ecae735895f31a89e78b31fc 0B / 15.76MB 99.6s
#7 ...

#5 [django 1/6] FROM docker.io/library/python:3.11-slim@sha256:ff8533f48e12b705fc20d339fde2ec61d0b234dd9366bab3bc84d7b70a45c8c0
#5 sha256:76d93c681ade9d7ff7e4e590094f416d05d02ce51cb023dbb97acd48c3073470 2.10MB / 14.36MB 100.7s
#5 sha256:8c7716127147648c1751940b9709b6325f2256290d3201662eca2701cadb2cdf 12.58MB / 29.78MB 103.8s
#5 sha256:76d93c681ade9d7ff7e4e590094f416d05d02ce51cb023dbb97acd48c3073470 2.10MB / 14.36MB 105.7s
#5 sha256:8c7716127147648c1751940b9709b6325f2256290d3201662eca2701cadb2cdf 13.63MB / 29.78MB 108.8s
#5 ...

#7 [nodebot 1/6] FROM docker.io/library/node:18-bullseye@sha256:0d9e9a8dcd5a83ea737ed92227a6591a31ad70c8bb722b0c51aff7ae23a88b6a
#7 sha256:06b6c820e694a6c19c297492ef4009391c7dfc83ecae735895f31a89e78b31fc 6.29MB / 15.76MB 109.9s
#7 ...

#5 [django 1/6] FROM docker.io/library/python:3.11-slim@sha256:ff8533f48e12b705fc20d339fde2ec61d0b234dd9366bab3bc84d7b70a45c8c0
#5 sha256:76d93c681ade9d7ff7e4e590094f416d05d02ce51cb023dbb97acd48c3073470 2.10MB / 14.36MB 110.7s
#5 sha256:76d93c681ade9d7ff7e4e590094f416d05d02ce51cb023dbb97acd48c3073470 3.15MB / 14.36MB 113.6s
#5 sha256:8c7716127147648c1751940b9709b6325f2256290d3201662eca2701cadb2cdf 14.68MB / 29.78MB 113.9s
#5 sha256:76d93c681ade9d7ff7e4e590094f416d05d02ce51cb023dbb97acd48c3073470 3.15MB / 14.36MB 118.6s
#5 sha256:8c7716127147648c1751940b9709b6325f2256290d3201662eca2701cadb2cdf 14.68MB / 29.78MB 119.0s
#5 ...

#7 [nodebot 1/6] FROM docker.io/library/node:18-bullseye@sha256:0d9e9a8dcd5a83ea737ed92227a6591a31ad70c8bb722b0c51aff7ae23a88b6a
#7 sha256:06b6c820e694a6c19c297492ef4009391c7dfc83ecae735895f31a89e78b31fc 12.58MB / 15.76MB 120.1s
#7 ...

#5 [django 1/6] FROM docker.io/library/python:3.11-slim@sha256:ff8533f48e12b705fc20d339fde2ec61d0b234dd9366bab3bc84d7b70a45c8c0
#5 sha256:76d93c681ade9d7ff7e4e590094f416d05d02ce51cb023dbb97acd48c3073470 3.15MB / 14.36MB 123.7s
#5 sha256:8c7716127147648c1751940b9709b6325f2256290d3201662eca2701cadb2cdf 15.73MB / 29.78MB 124.1s
#5 sha256:76d93c681ade9d7ff7e4e590094f416d05d02ce51cb023dbb97acd48c3073470 3.15MB / 14.36MB 128.7s
#5 sha256:8c7716127147648c1751940b9709b6325f2256290d3201662eca2701cadb2cdf 15.73MB / 29.78MB 129.2s
#5 ...

#7 [nodebot 1/6] FROM docker.io/library/node:18-bullseye@sha256:0d9e9a8dcd5a83ea737ed92227a6591a31ad70c8bb722b0c51aff7ae23a88b6a
#7 sha256:06b6c820e694a6c19c297492ef4009391c7dfc83ecae735895f31a89e78b31fc 15.76MB / 15.76MB 123.5s done
#7 extracting sha256:06b6c820e694a6c19c297492ef4009391c7dfc83ecae735895f31a89e78b31fc 0.4s done
#7 sha256:9a69a02035012d2783a66ac7ecc549af09c1718d81affa5f9c39abcf969da971 4.19MB / 54.76MB 130.4s
#7 ...

#5 [django 1/6] FROM docker.io/library/python:3.11-slim@sha256:ff8533f48e12b705fc20d339fde2ec61d0b234dd9366bab3bc84d7b70a45c8c0
#5 sha256:76d93c681ade9d7ff7e4e590094f416d05d02ce51cb023dbb97acd48c3073470 3.15MB / 14.36MB 133.7s
#5 sha256:8c7716127147648c1751940b9709b6325f2256290d3201662eca2701cadb2cdf 16.78MB / 29.78MB 134.3s
#5 sha256:76d93c681ade9d7ff7e4e590094f416d05d02ce51cb023dbb97acd48c3073470 3.15MB / 14.36MB 138.9s
#5 sha256:8c7716127147648c1751940b9709b6325f2256290d3201662eca2701cadb2cdf 16.78MB / 29.78MB 139.4s
#5 ...

#7 [nodebot 1/6] FROM docker.io/library/node:18-bullseye@sha256:0d9e9a8dcd5a83ea737ed92227a6591a31ad70c8bb722b0c51aff7ae23a88b6a
#7 sha256:9a69a02035012d2783a66ac7ecc549af09c1718d81affa5f9c39abcf969da971 11.53MB / 54.76MB 140.7s
#7 ...

#5 [django 1/6] FROM docker.io/library/python:3.11-slim@sha256:ff8533f48e12b705fc20d339fde2ec61d0b234dd9366bab3bc84d7b70a45c8c0
#5 sha256:76d93c681ade9d7ff7e4e590094f416d05d02ce51cb023dbb97acd48c3073470 3.15MB / 14.36MB 143.9s
#5 sha256:8c7716127147648c1751940b9709b6325f2256290d3201662eca2701cadb2cdf 17.83MB / 29.78MB 144.5s
#5 sha256:76d93c681ade9d7ff7e4e590094f416d05d02ce51cb023dbb97acd48c3073470 3.15MB / 14.36MB 149.1s
#5 sha256:8c7716127147648c1751940b9709b6325f2256290d3201662eca2701cadb2cdf 17.83MB / 29.78MB 149.6s
#5 ...

#7 [nodebot 1/6] FROM docker.io/library/node:18-bullseye@sha256:0d9e9a8dcd5a83ea737ed92227a6591a31ad70c8bb722b0c51aff7ae23a88b6a
#7 sha256:9a69a02035012d2783a66ac7ecc549af09c1718d81affa5f9c39abcf969da971 18.87MB / 54.76MB 150.9s
#7 ...

#5 [django 1/6] FROM docker.io/library/python:3.11-slim@sha256:ff8533f48e12b705fc20d339fde2ec61d0b234dd9366bab3bc84d7b70a45c8c0
#5 sha256:76d93c681ade9d7ff7e4e590094f416d05d02ce51cb023dbb97acd48c3073470 3.15MB / 14.36MB 154.2s
#5 sha256:8c7716127147648c1751940b9709b6325f2256290d3201662eca2701cadb2cdf 17.83MB / 29.78MB 154.6s
#5 sha256:76d93c681ade9d7ff7e4e590094f416d05d02ce51cb023dbb97acd48c3073470 3.15MB / 14.36MB 159.3s
#5 sha256:76d93c681ade9d7ff7e4e590094f416d05d02ce51cb023dbb97acd48c3073470 4.19MB / 14.36MB 159.4s
#5 sha256:8c7716127147648c1751940b9709b6325f2256290d3201662eca2701cadb2cdf 18.87MB / 29.78MB 159.6s
#5 ...

#7 [nodebot 1/6] FROM docker.io/library/node:18-bullseye@sha256:0d9e9a8dcd5a83ea737ed92227a6591a31ad70c8bb722b0c51aff7ae23a88b6a
#7 sha256:9a69a02035012d2783a66ac7ecc549af09c1718d81affa5f9c39abcf969da971 25.17MB / 54.76MB 161.2s
#7 ...

#5 [django 1/6] FROM docker.io/library/python:3.11-slim@sha256:ff8533f48e12b705fc20d339fde2ec61d0b234dd9366bab3bc84d7b70a45c8c0
#5 sha256:76d93c681ade9d7ff7e4e590094f416d05d02ce51cb023dbb97acd48c3073470 4.19MB / 14.36MB 164.4s
#5 sha256:8c7716127147648c1751940b9709b6325f2256290d3201662eca2701cadb2cdf 19.92MB / 29.78MB 164.6s
#5 sha256:8c7716127147648c1751940b9709b6325f2256290d3201662eca2701cadb2cdf 22.02MB / 29.78MB 169.0s
#5 sha256:76d93c681ade9d7ff7e4e590094f416d05d02ce51cb023dbb97acd48c3073470 4.19MB / 14.36MB 169.5s
#5 ...

#7 [nodebot 1/6] FROM docker.io/library/node:18-bullseye@sha256:0d9e9a8dcd5a83ea737ed92227a6591a31ad70c8bb722b0c51aff7ae23a88b6a
#7 sha256:9a69a02035012d2783a66ac7ecc549af09c1718d81affa5f9c39abcf969da971 29.36MB / 54.76MB 171.6s
#7 ...

#5 [django 1/6] FROM docker.io/library/python:3.11-slim@sha256:ff8533f48e12b705fc20d339fde2ec61d0b234dd9366bab3bc84d7b70a45c8c0
#5 sha256:8c7716127147648c1751940b9709b6325f2256290d3201662eca2701cadb2cdf 23.07MB / 29.78MB 174.0s
#5 sha256:76d93c681ade9d7ff7e4e590094f416d05d02ce51cb023dbb97acd48c3073470 4.19MB / 14.36MB 174.6s
#5 sha256:8c7716127147648c1751940b9709b6325f2256290d3201662eca2701cadb2cdf 23.07MB / 29.78MB 179.1s
#5 sha256:76d93c681ade9d7ff7e4e590094f416d05d02ce51cb023dbb97acd48c3073470 4.19MB / 14.36MB 179.6s
#5 sha256:76d93c681ade9d7ff7e4e590094f416d05d02ce51cb023dbb97acd48c3073470 5.24MB / 14.36MB 181.0s
#5 ...

#7 [nodebot 1/6] FROM docker.io/library/node:18-bullseye@sha256:0d9e9a8dcd5a83ea737ed92227a6591a31ad70c8bb722b0c51aff7ae23a88b6a
#7 sha256:9a69a02035012d2783a66ac7ecc549af09c1718d81affa5f9c39abcf969da971 32.51MB / 54.76MB 181.9s
#7 ...

#5 [django 1/6] FROM docker.io/library/python:3.11-slim@sha256:ff8533f48e12b705fc20d339fde2ec61d0b234dd9366bab3bc84d7b70a45c8c0
#5 sha256:8c7716127147648c1751940b9709b6325f2256290d3201662eca2701cadb2cdf 25.17MB / 29.78MB 183.1s
#5 sha256:76d93c681ade9d7ff7e4e590094f416d05d02ce51cb023dbb97acd48c3073470 5.24MB / 14.36MB 186.0s
#5 sha256:8c7716127147648c1751940b9709b6325f2256290d3201662eca2701cadb2cdf 27.26MB / 29.78MB 187.9s
#5 sha256:76d93c681ade9d7ff7e4e590094f416d05d02ce51cb023dbb97acd48c3073470 5.24MB / 14.36MB 191.1s
#5 sha256:76d93c681ade9d7ff7e4e590094f416d05d02ce51cb023dbb97acd48c3073470 6.29MB / 14.36MB 192.1s
#5 ...

#7 [nodebot 1/6] FROM docker.io/library/node:18-bullseye@sha256:0d9e9a8dcd5a83ea737ed92227a6591a31ad70c8bb722b0c51aff7ae23a88b6a
#7 sha256:9a69a02035012d2783a66ac7ecc549af09c1718d81affa5f9c39abcf969da971 35.65MB / 54.76MB 192.1s
#7 ...

#5 [django 1/6] FROM docker.io/library/python:3.11-slim@sha256:ff8533f48e12b705fc20d339fde2ec61d0b234dd9366bab3bc84d7b70a45c8c0
#5 sha256:8c7716127147648c1751940b9709b6325f2256290d3201662eca2701cadb2cdf 29.36MB / 29.78MB 192.3s
#5 extracting sha256:8c7716127147648c1751940b9709b6325f2256290d3201662eca2701cadb2cdf
#5 sha256:8c7716127147648c1751940b9709b6325f2256290d3201662eca2701cadb2cdf 29.78MB / 29.78MB 193.1s done
#5 extracting sha256:8c7716127147648c1751940b9709b6325f2256290d3201662eca2701cadb2cdf 0.7s done
#5 extracting sha256:c72c567266265eaf3c81cecf291e32dc35cb03f44a34cc37c4bb2c3f1ca6741c
#5 extracting sha256:c72c567266265eaf3c81cecf291e32dc35cb03f44a34cc37c4bb2c3f1ca6741c 0.2s done
#5 sha256:76d93c681ade9d7ff7e4e590094f416d05d02ce51cb023dbb97acd48c3073470 6.29MB / 14.36MB 197.1s
#5 ...

#7 [nodebot 1/6] FROM docker.io/library/node:18-bullseye@sha256:0d9e9a8dcd5a83ea737ed92227a6591a31ad70c8bb722b0c51aff7ae23a88b6a
#7 sha256:9a69a02035012d2783a66ac7ecc549af09c1718d81affa5f9c39abcf969da971 37.75MB / 54.76MB 200.6s
#7 sha256:e94932625c5ab18ebb7640ecd70dd33061ba90cc7666b7ff06042a8bd7cf63fb 2.10MB / 197.13MB 200.6s
#7 ...

#5 [django 1/6] FROM docker.io/library/python:3.11-slim@sha256:ff8533f48e12b705fc20d339fde2ec61d0b234dd9366bab3bc84d7b70a45c8c0
#5 sha256:76d93c681ade9d7ff7e4e590094f416d05d02ce51cb023dbb97acd48c3073470 6.29MB / 14.36MB 202.2s
#5 sha256:76d93c681ade9d7ff7e4e590094f416d05d02ce51cb023dbb97acd48c3073470 7.34MB / 14.36MB 203.2s
#5 sha256:76d93c681ade9d7ff7e4e590094f416d05d02ce51cb023dbb97acd48c3073470 7.34MB / 14.36MB 208.3s
#5 ...

#7 [nodebot 1/6] FROM docker.io/library/node:18-bullseye@sha256:0d9e9a8dcd5a83ea737ed92227a6591a31ad70c8bb722b0c51aff7ae23a88b6a
#7 sha256:9a69a02035012d2783a66ac7ecc549af09c1718d81affa5f9c39abcf969da971 39.85MB / 54.76MB 208.3s
#7 sha256:e94932625c5ab18ebb7640ecd70dd33061ba90cc7666b7ff06042a8bd7cf63fb 5.24MB / 197.13MB 208.3s
#7 ...

#5 [django 1/6] FROM docker.io/library/python:3.11-slim@sha256:ff8533f48e12b705fc20d339fde2ec61d0b234dd9366bab3bc84d7b70a45c8c0
#5 sha256:76d93c681ade9d7ff7e4e590094f416d05d02ce51cb023dbb97acd48c3073470 8.39MB / 14.36MB 210.2s
#5 sha256:76d93c681ade9d7ff7e4e590094f416d05d02ce51cb023dbb97acd48c3073470 8.39MB / 14.36MB 215.2s
#5 ...

#7 [nodebot 1/6] FROM docker.io/library/node:18-bullseye@sha256:0d9e9a8dcd5a83ea737ed92227a6591a31ad70c8bb722b0c51aff7ae23a88b6a
#7 sha256:9a69a02035012d2783a66ac7ecc549af09c1718d81affa5f9c39abcf969da971 41.94MB / 54.76MB 215.9s
#7 sha256:e94932625c5ab18ebb7640ecd70dd33061ba90cc7666b7ff06042a8bd7cf63fb 8.39MB / 197.13MB 215.9s
#7 ...

#5 [django 1/6] FROM docker.io/library/python:3.11-slim@sha256:ff8533f48e12b705fc20d339fde2ec61d0b234dd9366bab3bc84d7b70a45c8c0
#5 sha256:76d93c681ade9d7ff7e4e590094f416d05d02ce51cb023dbb97acd48c3073470 9.44MB / 14.36MB 218.7s
#5 sha256:76d93c681ade9d7ff7e4e590094f416d05d02ce51cb023dbb97acd48c3073470 9.44MB / 14.36MB 223.7s
#5 ...

#7 [nodebot 1/6] FROM docker.io/library/node:18-bullseye@sha256:0d9e9a8dcd5a83ea737ed92227a6591a31ad70c8bb722b0c51aff7ae23a88b6a
#7 sha256:9a69a02035012d2783a66ac7ecc549af09c1718d81affa5f9c39abcf969da971 44.04MB / 54.76MB 223.7s
#7 sha256:e94932625c5ab18ebb7640ecd70dd33061ba90cc7666b7ff06042a8bd7cf63fb 11.53MB / 197.13MB 223.7s
#7 sha256:e94932625c5ab18ebb7640ecd70dd33061ba90cc7666b7ff06042a8bd7cf63fb 12.58MB / 197.13MB 228.7s
#7 sha256:9a69a02035012d2783a66ac7ecc549af09c1718d81affa5f9c39abcf969da971 46.14MB / 54.76MB 228.8s
#7 ...

#5 [django 1/6] FROM docker.io/library/python:3.11-slim@sha256:ff8533f48e12b705fc20d339fde2ec61d0b234dd9366bab3bc84d7b70a45c8c0
#5 sha256:76d93c681ade9d7ff7e4e590094f416d05d02ce51cb023dbb97acd48c3073470 10.49MB / 14.36MB 233.8s
#5 ...

#7 [nodebot 1/6] FROM docker.io/library/node:18-bullseye@sha256:0d9e9a8dcd5a83ea737ed92227a6591a31ad70c8bb722b0c51aff7ae23a88b6a
#7 sha256:9a69a02035012d2783a66ac7ecc549af09c1718d81affa5f9c39abcf969da971 48.23MB / 54.76MB 233.9s
#7 sha256:e94932625c5ab18ebb7640ecd70dd33061ba90cc7666b7ff06042a8bd7cf63fb 13.63MB / 197.13MB 233.9s
#7 sha256:9a69a02035012d2783a66ac7ecc549af09c1718d81affa5f9c39abcf969da971 51.38MB / 54.76MB 237.8s
#7 sha256:e94932625c5ab18ebb7640ecd70dd33061ba90cc7666b7ff06042a8bd7cf63fb 14.68MB / 197.13MB 238.9s
#7 sha256:9a69a02035012d2783a66ac7ecc549af09c1718d81affa5f9c39abcf969da971 53.48MB / 54.76MB 242.9s
#7 sha256:9a69a02035012d2783a66ac7ecc549af09c1718d81affa5f9c39abcf969da971 54.76MB / 54.76MB 243.5s done
#7 sha256:7704b1a39512dedbda42a035f22899a5bc0051dc5d5b4663b208efd8f096d54c 0B / 4.08kB 243.5s
#7 extracting sha256:9a69a02035012d2783a66ac7ecc549af09c1718d81affa5f9c39abcf969da971
#7 sha256:e94932625c5ab18ebb7640ecd70dd33061ba90cc7666b7ff06042a8bd7cf63fb 15.73MB / 197.13MB 244.0s
#7 ...

#5 [django 1/6] FROM docker.io/library/python:3.11-slim@sha256:ff8533f48e12b705fc20d339fde2ec61d0b234dd9366bab3bc84d7b70a45c8c0
#5 sha256:76d93c681ade9d7ff7e4e590094f416d05d02ce51cb023dbb97acd48c3073470 11.53MB / 14.36MB 244.1s
#5 ...

#7 [nodebot 1/6] FROM docker.io/library/node:18-bullseye@sha256:0d9e9a8dcd5a83ea737ed92227a6591a31ad70c8bb722b0c51aff7ae23a88b6a
#7 extracting sha256:9a69a02035012d2783a66ac7ecc549af09c1718d81affa5f9c39abcf969da971 1.6s done
#7 sha256:7704b1a39512dedbda42a035f22899a5bc0051dc5d5b4663b208efd8f096d54c 4.08kB / 4.08kB 245.2s done
#7 sha256:762aa0aa2e631582317b64a1a5001c5fa54fd63e58a4b7d268fc35d9644778bf 0B / 45.68MB 245.4s
#7 sha256:e94932625c5ab18ebb7640ecd70dd33061ba90cc7666b7ff06042a8bd7cf63fb 17.83MB / 197.13MB 249.0s
#7 sha256:762aa0aa2e631582317b64a1a5001c5fa54fd63e58a4b7d268fc35d9644778bf 1.05MB / 45.68MB 250.4s
#7 sha256:e94932625c5ab18ebb7640ecd70dd33061ba90cc7666b7ff06042a8bd7cf63fb 17.83MB / 197.13MB 254.0s
#7 ...

#5 [django 1/6] FROM docker.io/library/python:3.11-slim@sha256:ff8533f48e12b705fc20d339fde2ec61d0b234dd9366bab3bc84d7b70a45c8c0
#5 sha256:76d93c681ade9d7ff7e4e590094f416d05d02ce51cb023dbb97acd48c3073470 12.58MB / 14.36MB 254.3s
#5 ...

#7 [nodebot 1/6] FROM docker.io/library/node:18-bullseye@sha256:0d9e9a8dcd5a83ea737ed92227a6591a31ad70c8bb722b0c51aff7ae23a88b6a
#7 sha256:762aa0aa2e631582317b64a1a5001c5fa54fd63e58a4b7d268fc35d9644778bf 2.10MB / 45.68MB 255.5s
#7 sha256:e94932625c5ab18ebb7640ecd70dd33061ba90cc7666b7ff06042a8bd7cf63fb 18.87MB / 197.13MB 259.0s
#7 sha256:762aa0aa2e631582317b64a1a5001c5fa54fd63e58a4b7d268fc35d9644778bf 4.19MB / 45.68MB 260.7s
#7 sha256:e94932625c5ab18ebb7640ecd70dd33061ba90cc7666b7ff06042a8bd7cf63fb 19.92MB / 197.13MB 264.1s
#7 ...

#5 [django 1/6] FROM docker.io/library/python:3.11-slim@sha256:ff8533f48e12b705fc20d339fde2ec61d0b234dd9366bab3bc84d7b70a45c8c0
#5 sha256:76d93c681ade9d7ff7e4e590094f416d05d02ce51cb023dbb97acd48c3073470 12.58MB / 14.36MB 264.6s
#5 ...

#7 [nodebot 1/6] FROM docker.io/library/node:18-bullseye@sha256:0d9e9a8dcd5a83ea737ed92227a6591a31ad70c8bb722b0c51aff7ae23a88b6a
#7 sha256:762aa0aa2e631582317b64a1a5001c5fa54fd63e58a4b7d268fc35d9644778bf 5.24MB / 45.68MB 265.9s
#7 sha256:e94932625c5ab18ebb7640ecd70dd33061ba90cc7666b7ff06042a8bd7cf63fb 19.92MB / 197.13MB 269.2s
#7 sha256:762aa0aa2e631582317b64a1a5001c5fa54fd63e58a4b7d268fc35d9644778bf 6.29MB / 45.68MB 270.9s
#7 sha256:e94932625c5ab18ebb7640ecd70dd33061ba90cc7666b7ff06042a8bd7cf63fb 20.97MB / 197.13MB 274.2s
#7 ...

#5 [django 1/6] FROM docker.io/library/python:3.11-slim@sha256:ff8533f48e12b705fc20d339fde2ec61d0b234dd9366bab3bc84d7b70a45c8c0
#5 sha256:76d93c681ade9d7ff7e4e590094f416d05d02ce51cb023dbb97acd48c3073470 13.63MB / 14.36MB 274.9s
#5 ...

#7 [nodebot 1/6] FROM docker.io/library/node:18-bullseye@sha256:0d9e9a8dcd5a83ea737ed92227a6591a31ad70c8bb722b0c51aff7ae23a88b6a
#7 sha256:762aa0aa2e631582317b64a1a5001c5fa54fd63e58a4b7d268fc35d9644778bf 7.34MB / 45.68MB 276.1s
#7 sha256:e94932625c5ab18ebb7640ecd70dd33061ba90cc7666b7ff06042a8bd7cf63fb 20.97MB / 197.13MB 279.3s
#7 sha256:762aa0aa2e631582317b64a1a5001c5fa54fd63e58a4b7d268fc35d9644778bf 8.39MB / 45.68MB 281.1s
#7 sha256:8c1ed1def9d2c13e8c4bda737f49eb6aa8ac78039c286d76f5bd410688a73869 0B / 1.25MB 283.3s
#7 ...

#5 [django 1/6] FROM docker.io/library/python:3.11-slim@sha256:ff8533f48e12b705fc20d339fde2ec61d0b234dd9366bab3bc84d7b70a45c8c0
#5 sha256:76d93c681ade9d7ff7e4e590094f416d05d02ce51cb023dbb97acd48c3073470 14.36MB / 14.36MB 283.3s done
#5 extracting sha256:76d93c681ade9d7ff7e4e590094f416d05d02ce51cb023dbb97acd48c3073470 0.5s done
#5 extracting sha256:80061c640d6316e0810fd1007261f33680529077a173449bba4b55579c66db45 done
#5 DONE 283.9s

#7 [nodebot 1/6] FROM docker.io/library/node:18-bullseye@sha256:0d9e9a8dcd5a83ea737ed92227a6591a31ad70c8bb722b0c51aff7ae23a88b6a
#7 ...

#8 [django 2/6] WORKDIR /app
#8 DONE 0.2s

#7 [nodebot 1/6] FROM docker.io/library/node:18-bullseye@sha256:0d9e9a8dcd5a83ea737ed92227a6591a31ad70c8bb722b0c51aff7ae23a88b6a
#7 sha256:e94932625c5ab18ebb7640ecd70dd33061ba90cc7666b7ff06042a8bd7cf63fb 22.02MB / 197.13MB 284.4s
#7 sha256:762aa0aa2e631582317b64a1a5001c5fa54fd63e58a4b7d268fc35d9644778bf 8.39MB / 45.68MB 286.1s
#7 ...

#9 [django 3/6] COPY backend/ /app/backend/
#9 DONE 2.2s

#7 [nodebot 1/6] FROM docker.io/library/node:18-bullseye@sha256:0d9e9a8dcd5a83ea737ed92227a6591a31ad70c8bb722b0c51aff7ae23a88b6a
#7 ...

#10 [django 4/6] COPY backend/requirements.txt /app/requirements.txt
#10 DONE 0.1s

#7 [nodebot 1/6] FROM docker.io/library/node:18-bullseye@sha256:0d9e9a8dcd5a83ea737ed92227a6591a31ad70c8bb722b0c51aff7ae23a88b6a
#7 sha256:8c1ed1def9d2c13e8c4bda737f49eb6aa8ac78039c286d76f5bd410688a73869 0B / 1.25MB 288.4s
#7 sha256:e94932625c5ab18ebb7640ecd70dd33061ba90cc7666b7ff06042a8bd7cf63fb 24.12MB / 197.13MB 289.5s
#7 sha256:762aa0aa2e631582317b64a1a5001c5fa54fd63e58a4b7d268fc35d9644778bf 9.44MB / 45.68MB 291.2s
#7 sha256:8c1ed1def9d2c13e8c4bda737f49eb6aa8ac78039c286d76f5bd410688a73869 1.05MB / 1.25MB 292.1s
#7 sha256:8c1ed1def9d2c13e8c4bda737f49eb6aa8ac78039c286d76f5bd410688a73869 1.25MB / 1.25MB 292.2s done
#7 sha256:9fa90b7e18162da14889d6ddb66f9e31a75d67a3b5bf8a2e7630fc35488077a1 0B / 445B 292.3s
#7 sha256:9fa90b7e18162da14889d6ddb66f9e31a75d67a3b5bf8a2e7630fc35488077a1 445B / 445B 294.1s done
#7 sha256:e94932625c5ab18ebb7640ecd70dd33061ba90cc7666b7ff06042a8bd7cf63fb 25.17MB / 197.13MB 294.6s
#7 sha256:762aa0aa2e631582317b64a1a5001c5fa54fd63e58a4b7d268fc35d9644778bf 10.49MB / 45.68MB 296.3s
#7 ...

#11 [django 5/6] RUN pip install --no-cache-dir -r /app/requirements.txt
#11 5.450 Collecting asgiref==3.10.0 (from -r /app/requirements.txt (line 1))
#11 6.266   Downloading asgiref-3.10.0-py3-none-any.whl.metadata (9.3 kB)
#11 9.725 Collecting certifi==2025.10.5 (from -r /app/requirements.txt (line 2))
#11 9.911   Downloading certifi-2025.10.5-py3-none-any.whl.metadata (2.5 kB)
#11 ...

#7 [nodebot 1/6] FROM docker.io/library/node:18-bullseye@sha256:0d9e9a8dcd5a83ea737ed92227a6591a31ad70c8bb722b0c51aff7ae23a88b6a
#7 sha256:e94932625c5ab18ebb7640ecd70dd33061ba90cc7666b7ff06042a8bd7cf63fb 26.21MB / 197.13MB 299.6s
#7 sha256:762aa0aa2e631582317b64a1a5001c5fa54fd63e58a4b7d268fc35d9644778bf 11.53MB / 45.68MB 301.3s
#7 sha256:e94932625c5ab18ebb7640ecd70dd33061ba90cc7666b7ff06042a8bd7cf63fb 28.31MB / 197.13MB 304.8s
#7 sha256:762aa0aa2e631582317b64a1a5001c5fa54fd63e58a4b7d268fc35d9644778bf 11.53MB / 45.68MB 306.4s
#7 sha256:e94932625c5ab18ebb7640ecd70dd33061ba90cc7666b7ff06042a8bd7cf63fb 28.31MB / 197.13MB 309.8s
#7 sha256:762aa0aa2e631582317b64a1a5001c5fa54fd63e58a4b7d268fc35d9644778bf 11.53MB / 45.68MB 311.5s
#7 ...

#11 [django 5/6] RUN pip install --no-cache-dir -r /app/requirements.txt
#11 27.58 Collecting charset-normalizer==3.4.3 (from -r /app/requirements.txt (line 3))
#11 27.77   Downloading charset_normalizer-3.4.3-cp311-cp311-manylinux2014_x86_64.manylinux_2_17_x86_64.manylinux_2_28_x86_64.whl.metadata (36 kB)
#11 ...

#7 [nodebot 1/6] FROM docker.io/library/node:18-bullseye@sha256:0d9e9a8dcd5a83ea737ed92227a6591a31ad70c8bb722b0c51aff7ae23a88b6a
#7 sha256:e94932625c5ab18ebb7640ecd70dd33061ba90cc7666b7ff06042a8bd7cf63fb 33.55MB / 197.13MB 319.2s
#7 sha256:762aa0aa2e631582317b64a1a5001c5fa54fd63e58a4b7d268fc35d9644778bf 13.63MB / 45.68MB 319.2s
#7 ...

#11 [django 5/6] RUN pip install --no-cache-dir -r /app/requirements.txt
#11 34.08 Collecting Django==5.2.7 (from -r /app/requirements.txt (line 4))
#11 34.25   Downloading django-5.2.7-py3-none-any.whl.metadata (4.1 kB)
#11 36.07 Collecting django-cors-headers==4.9.0 (from -r /app/requirements.txt (line 5))
#11 36.46   Downloading django_cors_headers-4.9.0-py3-none-any.whl.metadata (16 kB)
#11 ...

#7 [nodebot 1/6] FROM docker.io/library/node:18-bullseye@sha256:0d9e9a8dcd5a83ea737ed92227a6591a31ad70c8bb722b0c51aff7ae23a88b6a
#7 sha256:e94932625c5ab18ebb7640ecd70dd33061ba90cc7666b7ff06042a8bd7cf63fb 33.55MB / 197.13MB 325.8s
#7 sha256:762aa0aa2e631582317b64a1a5001c5fa54fd63e58a4b7d268fc35d9644778bf 16.78MB / 45.68MB 325.8s
#7 sha256:762aa0aa2e631582317b64a1a5001c5fa54fd63e58a4b7d268fc35d9644778bf 19.92MB / 45.68MB 329.9s
#7 sha256:e94932625c5ab18ebb7640ecd70dd33061ba90cc7666b7ff06042a8bd7cf63fb 33.55MB / 197.13MB 330.8s
#7 sha256:762aa0aa2e631582317b64a1a5001c5fa54fd63e58a4b7d268fc35d9644778bf 20.97MB / 45.68MB 335.0s
#7 sha256:e94932625c5ab18ebb7640ecd70dd33061ba90cc7666b7ff06042a8bd7cf63fb 33.55MB / 197.13MB 335.8s
#7 ...

#11 [django 5/6] RUN pip install --no-cache-dir -r /app/requirements.txt
#11 39.42 Collecting djangorestframework==3.16.1 (from -r /app/requirements.txt (line 6))
#11 39.58   Downloading djangorestframework-3.16.1-py3-none-any.whl.metadata (11 kB)
#11 40.78 Collecting idna==3.10 (from -r /app/requirements.txt (line 7))
#11 40.94   Downloading idna-3.10-py3-none-any.whl.metadata (10 kB)
#11 42.35 Collecting python-decouple==3.8 (from -r /app/requirements.txt (line 8))
#11 42.51   Downloading python_decouple-3.8-py3-none-any.whl.metadata (14 kB)
#11 47.50 Collecting requests==2.32.5 (from -r /app/requirements.txt (line 9))
#11 47.66   Downloading requests-2.32.5-py3-none-any.whl.metadata (4.9 kB)
#11 49.40 Collecting sqlparse==0.5.3 (from -r /app/requirements.txt (line 10))
#11 49.56   Downloading sqlparse-0.5.3-py3-none-any.whl.metadata (3.9 kB)
#11 ...

#7 [nodebot 1/6] FROM docker.io/library/node:18-bullseye@sha256:0d9e9a8dcd5a83ea737ed92227a6591a31ad70c8bb722b0c51aff7ae23a88b6a
#7 sha256:762aa0aa2e631582317b64a1a5001c5fa54fd63e58a4b7d268fc35d9644778bf 22.02MB / 45.68MB 340.1s
#7 sha256:e94932625c5ab18ebb7640ecd70dd33061ba90cc7666b7ff06042a8bd7cf63fb 34.60MB / 197.13MB 340.9s
#7 sha256:762aa0aa2e631582317b64a1a5001c5fa54fd63e58a4b7d268fc35d9644778bf 23.07MB / 45.68MB 345.1s
#7 sha256:e94932625c5ab18ebb7640ecd70dd33061ba90cc7666b7ff06042a8bd7cf63fb 34.60MB / 197.13MB 346.0s
#7 ...

#11 [django 5/6] RUN pip install --no-cache-dir -r /app/requirements.txt
#11 51.24 Collecting urllib3==2.5.0 (from -r /app/requirements.txt (line 11))
#11 51.60   Downloading urllib3-2.5.0-py3-none-any.whl.metadata (6.5 kB)
#11 59.23 Collecting psycopg2-binary (from -r /app/requirements.txt (line 12))
#11 59.39   Downloading psycopg2_binary-2.9.11-cp311-cp311-manylinux2014_x86_64.manylinux_2_17_x86_64.whl.metadata (4.9 kB)
#11 60.85 Collecting gunicorn==23.0.0 (from -r /app/requirements.txt (line 13))
#11 61.01   Downloading gunicorn-23.0.0-py3-none-any.whl.metadata (4.4 kB)
#11 ...

#7 [nodebot 1/6] FROM docker.io/library/node:18-bullseye@sha256:0d9e9a8dcd5a83ea737ed92227a6591a31ad70c8bb722b0c51aff7ae23a88b6a
#7 sha256:762aa0aa2e631582317b64a1a5001c5fa54fd63e58a4b7d268fc35d9644778bf 26.21MB / 45.68MB 350.0s
#7 sha256:e94932625c5ab18ebb7640ecd70dd33061ba90cc7666b7ff06042a8bd7cf63fb 34.60MB / 197.13MB 351.0s
#7 sha256:762aa0aa2e631582317b64a1a5001c5fa54fd63e58a4b7d268fc35d9644778bf 27.26MB / 45.68MB 355.1s
#7 sha256:e94932625c5ab18ebb7640ecd70dd33061ba90cc7666b7ff06042a8bd7cf63fb 34.60MB / 197.13MB 356.0s
#7 ...

#11 [django 5/6] RUN pip install --no-cache-dir -r /app/requirements.txt
#11 62.60 Collecting packaging (from gunicorn==23.0.0->-r /app/requirements.txt (line 13))
#11 62.76   Downloading packaging-25.0-py3-none-any.whl.metadata (3.3 kB)
#11 63.32 Downloading asgiref-3.10.0-py3-none-any.whl (24 kB)
#11 65.24 Downloading certifi-2025.10.5-py3-none-any.whl (163 kB)
#11 ...

#7 [nodebot 1/6] FROM docker.io/library/node:18-bullseye@sha256:0d9e9a8dcd5a83ea737ed92227a6591a31ad70c8bb722b0c51aff7ae23a88b6a
#7 sha256:762aa0aa2e631582317b64a1a5001c5fa54fd63e58a4b7d268fc35d9644778bf 28.31MB / 45.68MB 360.2s
#7 sha256:e94932625c5ab18ebb7640ecd70dd33061ba90cc7666b7ff06042a8bd7cf63fb 34.60MB / 197.13MB 361.0s
#7 sha256:762aa0aa2e631582317b64a1a5001c5fa54fd63e58a4b7d268fc35d9644778bf 28.31MB / 45.68MB 365.3s
#7 ...

#11 [django 5/6] RUN pip install --no-cache-dir -r /app/requirements.txt
#11 79.42    ━━━━━━━━━━━━━━━━━━━━━━━━━━━━━━━━━━━━━━━━ 163.3/163.3 kB 11.3 kB/s eta 0:00:00
#11 79.58 Downloading charset_normalizer-3.4.3-cp311-cp311-manylinux2014_x86_64.manylinux_2_17_x86_64.manylinux_2_28_x86_64.whl (150 kB)
#11 ...

#7 [nodebot 1/6] FROM docker.io/library/node:18-bullseye@sha256:0d9e9a8dcd5a83ea737ed92227a6591a31ad70c8bb722b0c51aff7ae23a88b6a
#7 sha256:e94932625c5ab18ebb7640ecd70dd33061ba90cc7666b7ff06042a8bd7cf63fb 35.65MB / 197.13MB 371.1s
#7 sha256:762aa0aa2e631582317b64a1a5001c5fa54fd63e58a4b7d268fc35d9644778bf 31.46MB / 45.68MB 371.1s
#7 sha256:e94932625c5ab18ebb7640ecd70dd33061ba90cc7666b7ff06042a8bd7cf63fb 35.65MB / 197.13MB 376.3s
#7 sha256:762aa0aa2e631582317b64a1a5001c5fa54fd63e58a4b7d268fc35d9644778bf 33.55MB / 45.68MB 376.3s
#7 sha256:e94932625c5ab18ebb7640ecd70dd33061ba90cc7666b7ff06042a8bd7cf63fb 36.70MB / 197.13MB 381.4s
#7 sha256:762aa0aa2e631582317b64a1a5001c5fa54fd63e58a4b7d268fc35d9644778bf 36.70MB / 45.68MB 381.4s
#7 ...

#11 [django 5/6] RUN pip install --no-cache-dir -r /app/requirements.txt
#11 89.68    ━━━━━━━━━━━━━━━━━━━━━━━━━━━━━━━━━━━━━━━━ 150.3/150.3 kB 15.7 kB/s eta 0:00:00
#11 89.87 Downloading django-5.2.7-py3-none-any.whl (8.3 MB)
#11 ...

#7 [nodebot 1/6] FROM docker.io/library/node:18-bullseye@sha256:0d9e9a8dcd5a83ea737ed92227a6591a31ad70c8bb722b0c51aff7ae23a88b6a
#7 sha256:e94932625c5ab18ebb7640ecd70dd33061ba90cc7666b7ff06042a8bd7cf63fb 36.70MB / 197.13MB 386.4s
#7 sha256:762aa0aa2e631582317b64a1a5001c5fa54fd63e58a4b7d268fc35d9644778bf 38.80MB / 45.68MB 386.4s
#7 sha256:e94932625c5ab18ebb7640ecd70dd33061ba90cc7666b7ff06042a8bd7cf63fb 36.70MB / 197.13MB 391.4s
#7 sha256:762aa0aa2e631582317b64a1a5001c5fa54fd63e58a4b7d268fc35d9644778bf 39.85MB / 45.68MB 391.4s
#7 sha256:e94932625c5ab18ebb7640ecd70dd33061ba90cc7666b7ff06042a8bd7cf63fb 36.70MB / 197.13MB 396.4s
#7 sha256:762aa0aa2e631582317b64a1a5001c5fa54fd63e58a4b7d268fc35d9644778bf 40.89MB / 45.68MB 396.4s
#7 sha256:e94932625c5ab18ebb7640ecd70dd33061ba90cc7666b7ff06042a8bd7cf63fb 37.75MB / 197.13MB 401.5s
#7 sha256:762aa0aa2e631582317b64a1a5001c5fa54fd63e58a4b7d268fc35d9644778bf 40.89MB / 45.68MB 401.5s
#7 sha256:e94932625c5ab18ebb7640ecd70dd33061ba90cc7666b7ff06042a8bd7cf63fb 37.75MB / 197.13MB 406.6s
#7 sha256:762aa0aa2e631582317b64a1a5001c5fa54fd63e58a4b7d268fc35d9644778bf 41.94MB / 45.68MB 406.6s
#7 sha256:e94932625c5ab18ebb7640ecd70dd33061ba90cc7666b7ff06042a8bd7cf63fb 37.75MB / 197.13MB 411.8s
#7 sha256:762aa0aa2e631582317b64a1a5001c5fa54fd63e58a4b7d268fc35d9644778bf 42.99MB / 45.68MB 411.8s
#7 sha256:762aa0aa2e631582317b64a1a5001c5fa54fd63e58a4b7d268fc35d9644778bf 45.68MB / 45.68MB 414.7s done
#7 sha256:e94932625c5ab18ebb7640ecd70dd33061ba90cc7666b7ff06042a8bd7cf63fb 37.75MB / 197.13MB 416.9s
#7 sha256:e94932625c5ab18ebb7640ecd70dd33061ba90cc7666b7ff06042a8bd7cf63fb 37.75MB / 197.13MB 421.9s
#7 sha256:e94932625c5ab18ebb7640ecd70dd33061ba90cc7666b7ff06042a8bd7cf63fb 38.80MB / 197.13MB 427.0s
#7 sha256:e94932625c5ab18ebb7640ecd70dd33061ba90cc7666b7ff06042a8bd7cf63fb 38.80MB / 197.13MB 432.1s
#7 sha256:e94932625c5ab18ebb7640ecd70dd33061ba90cc7666b7ff06042a8bd7cf63fb 38.80MB / 197.13MB 437.1s
#7 sha256:e94932625c5ab18ebb7640ecd70dd33061ba90cc7666b7ff06042a8bd7cf63fb 38.80MB / 197.13MB 442.3s
#7 sha256:e94932625c5ab18ebb7640ecd70dd33061ba90cc7666b7ff06042a8bd7cf63fb 38.80MB / 197.13MB 447.3s
#7 sha256:e94932625c5ab18ebb7640ecd70dd33061ba90cc7666b7ff06042a8bd7cf63fb 39.85MB / 197.13MB 452.4s
#7 sha256:e94932625c5ab18ebb7640ecd70dd33061ba90cc7666b7ff06042a8bd7cf63fb 39.85MB / 197.13MB 457.6s
#7 sha256:e94932625c5ab18ebb7640ecd70dd33061ba90cc7666b7ff06042a8bd7cf63fb 39.85MB / 197.13MB 462.7s
#7 sha256:e94932625c5ab18ebb7640ecd70dd33061ba90cc7666b7ff06042a8bd7cf63fb 39.85MB / 197.13MB 467.7s
#7 sha256:e94932625c5ab18ebb7640ecd70dd33061ba90cc7666b7ff06042a8bd7cf63fb 40.89MB / 197.13MB 472.8s
#7 sha256:e94932625c5ab18ebb7640ecd70dd33061ba90cc7666b7ff06042a8bd7cf63fb 40.89MB / 197.13MB 477.8s
#7 sha256:e94932625c5ab18ebb7640ecd70dd33061ba90cc7666b7ff06042a8bd7cf63fb 41.94MB / 197.13MB 482.9s
#7 sha256:e94932625c5ab18ebb7640ecd70dd33061ba90cc7666b7ff06042a8bd7cf63fb 42.99MB / 197.13MB 488.1s
#7 sha256:e94932625c5ab18ebb7640ecd70dd33061ba90cc7666b7ff06042a8bd7cf63fb 44.04MB / 197.13MB 493.1s
#7 sha256:e94932625c5ab18ebb7640ecd70dd33061ba90cc7666b7ff06042a8bd7cf63fb 44.04MB / 197.13MB 498.3s
#7 sha256:e94932625c5ab18ebb7640ecd70dd33061ba90cc7666b7ff06042a8bd7cf63fb 44.04MB / 197.13MB 503.4s
#7 sha256:e94932625c5ab18ebb7640ecd70dd33061ba90cc7666b7ff06042a8bd7cf63fb 44.04MB / 197.13MB 508.4s
#7 sha256:e94932625c5ab18ebb7640ecd70dd33061ba90cc7666b7ff06042a8bd7cf63fb 45.09MB / 197.13MB 513.4s
#7 sha256:e94932625c5ab18ebb7640ecd70dd33061ba90cc7666b7ff06042a8bd7cf63fb 45.09MB / 197.13MB 518.4s
#7 sha256:e94932625c5ab18ebb7640ecd70dd33061ba90cc7666b7ff06042a8bd7cf63fb 45.09MB / 197.13MB 523.5s
#7 sha256:e94932625c5ab18ebb7640ecd70dd33061ba90cc7666b7ff06042a8bd7cf63fb 45.09MB / 197.13MB 528.6s
#7 sha256:e94932625c5ab18ebb7640ecd70dd33061ba90cc7666b7ff06042a8bd7cf63fb 45.09MB / 197.13MB 533.7s
#7 sha256:e94932625c5ab18ebb7640ecd70dd33061ba90cc7666b7ff06042a8bd7cf63fb 46.14MB / 197.13MB 538.8s
#7 sha256:e94932625c5ab18ebb7640ecd70dd33061ba90cc7666b7ff06042a8bd7cf63fb 46.14MB / 197.13MB 543.9s
#7 sha256:e94932625c5ab18ebb7640ecd70dd33061ba90cc7666b7ff06042a8bd7cf63fb 46.14MB / 197.13MB 549.1s
#7 sha256:e94932625c5ab18ebb7640ecd70dd33061ba90cc7666b7ff06042a8bd7cf63fb 46.14MB / 197.13MB 554.1s
#7 sha256:e94932625c5ab18ebb7640ecd70dd33061ba90cc7666b7ff06042a8bd7cf63fb 46.14MB / 197.13MB 559.3s
#7 sha256:e94932625c5ab18ebb7640ecd70dd33061ba90cc7666b7ff06042a8bd7cf63fb 46.14MB / 197.13MB 564.3s
#7 sha256:e94932625c5ab18ebb7640ecd70dd33061ba90cc7666b7ff06042a8bd7cf63fb 47.19MB / 197.13MB 569.4s
#7 sha256:e94932625c5ab18ebb7640ecd70dd33061ba90cc7666b7ff06042a8bd7cf63fb 47.19MB / 197.13MB 574.4s
#7 sha256:e94932625c5ab18ebb7640ecd70dd33061ba90cc7666b7ff06042a8bd7cf63fb 47.19MB / 197.13MB 579.5s
#7 sha256:e94932625c5ab18ebb7640ecd70dd33061ba90cc7666b7ff06042a8bd7cf63fb 47.19MB / 197.13MB 584.5s
#7 sha256:e94932625c5ab18ebb7640ecd70dd33061ba90cc7666b7ff06042a8bd7cf63fb 48.23MB / 197.13MB 589.5s
#7 sha256:e94932625c5ab18ebb7640ecd70dd33061ba90cc7666b7ff06042a8bd7cf63fb 48.23MB / 197.13MB 594.7s
#7 sha256:e94932625c5ab18ebb7640ecd70dd33061ba90cc7666b7ff06042a8bd7cf63fb 48.23MB / 197.13MB 599.7s
#7 sha256:e94932625c5ab18ebb7640ecd70dd33061ba90cc7666b7ff06042a8bd7cf63fb 48.23MB / 197.13MB 604.8s
#7 sha256:e94932625c5ab18ebb7640ecd70dd33061ba90cc7666b7ff06042a8bd7cf63fb 48.23MB / 197.13MB 609.9s
#7 sha256:e94932625c5ab18ebb7640ecd70dd33061ba90cc7666b7ff06042a8bd7cf63fb 49.28MB / 197.13MB 614.9s
#7 sha256:e94932625c5ab18ebb7640ecd70dd33061ba90cc7666b7ff06042a8bd7cf63fb 49.28MB / 197.13MB 620.0s
#7 sha256:e94932625c5ab18ebb7640ecd70dd33061ba90cc7666b7ff06042a8bd7cf63fb 49.28MB / 197.13MB 625.1s
#7 sha256:e94932625c5ab18ebb7640ecd70dd33061ba90cc7666b7ff06042a8bd7cf63fb 49.28MB / 197.13MB 630.2s
#7 sha256:e94932625c5ab18ebb7640ecd70dd33061ba90cc7666b7ff06042a8bd7cf63fb 49.28MB / 197.13MB 635.3s
#7 sha256:e94932625c5ab18ebb7640ecd70dd33061ba90cc7666b7ff06042a8bd7cf63fb 50.33MB / 197.13MB 640.3s
#7 sha256:e94932625c5ab18ebb7640ecd70dd33061ba90cc7666b7ff06042a8bd7cf63fb 50.33MB / 197.13MB 645.4s
#7 sha256:e94932625c5ab18ebb7640ecd70dd33061ba90cc7666b7ff06042a8bd7cf63fb 50.33MB / 197.13MB 650.4s
#7 sha256:e94932625c5ab18ebb7640ecd70dd33061ba90cc7666b7ff06042a8bd7cf63fb 50.33MB / 197.13MB 655.5s
#7 sha256:e94932625c5ab18ebb7640ecd70dd33061ba90cc7666b7ff06042a8bd7cf63fb 50.33MB / 197.13MB 660.6s
#7 sha256:e94932625c5ab18ebb7640ecd70dd33061ba90cc7666b7ff06042a8bd7cf63fb 51.38MB / 197.13MB 665.6s
#7 sha256:e94932625c5ab18ebb7640ecd70dd33061ba90cc7666b7ff06042a8bd7cf63fb 51.38MB / 197.13MB 670.8s
#7 sha256:e94932625c5ab18ebb7640ecd70dd33061ba90cc7666b7ff06042a8bd7cf63fb 51.38MB / 197.13MB 675.8s
#7 sha256:e94932625c5ab18ebb7640ecd70dd33061ba90cc7666b7ff06042a8bd7cf63fb 51.38MB / 197.13MB 681.0s
#7 sha256:e94932625c5ab18ebb7640ecd70dd33061ba90cc7666b7ff06042a8bd7cf63fb 51.38MB / 197.13MB 686.0s
#7 sha256:e94932625c5ab18ebb7640ecd70dd33061ba90cc7666b7ff06042a8bd7cf63fb 52.43MB / 197.13MB 691.1s
#7 sha256:e94932625c5ab18ebb7640ecd70dd33061ba90cc7666b7ff06042a8bd7cf63fb 52.43MB / 197.13MB 696.2s
#7 sha256:e94932625c5ab18ebb7640ecd70dd33061ba90cc7666b7ff06042a8bd7cf63fb 52.43MB / 197.13MB 701.3s
#7 sha256:e94932625c5ab18ebb7640ecd70dd33061ba90cc7666b7ff06042a8bd7cf63fb 52.43MB / 197.13MB 706.3s
#7 sha256:e94932625c5ab18ebb7640ecd70dd33061ba90cc7666b7ff06042a8bd7cf63fb 52.43MB / 197.13MB 711.4s
#7 sha256:e94932625c5ab18ebb7640ecd70dd33061ba90cc7666b7ff06042a8bd7cf63fb 52.43MB / 197.13MB 716.5s
#7 sha256:e94932625c5ab18ebb7640ecd70dd33061ba90cc7666b7ff06042a8bd7cf63fb 53.48MB / 197.13MB 721.6s
#7 sha256:e94932625c5ab18ebb7640ecd70dd33061ba90cc7666b7ff06042a8bd7cf63fb 53.48MB / 197.13MB 726.7s
#7 sha256:e94932625c5ab18ebb7640ecd70dd33061ba90cc7666b7ff06042a8bd7cf63fb 53.48MB / 197.13MB 731.7s
#7 sha256:e94932625c5ab18ebb7640ecd70dd33061ba90cc7666b7ff06042a8bd7cf63fb 53.48MB / 197.13MB 736.8s
#7 sha256:e94932625c5ab18ebb7640ecd70dd33061ba90cc7666b7ff06042a8bd7cf63fb 54.53MB / 197.13MB 742.0s
#7 sha256:e94932625c5ab18ebb7640ecd70dd33061ba90cc7666b7ff06042a8bd7cf63fb 54.53MB / 197.13MB 747.1s
#7 sha256:e94932625c5ab18ebb7640ecd70dd33061ba90cc7666b7ff06042a8bd7cf63fb 55.57MB / 197.13MB 752.2s
#7 sha256:e94932625c5ab18ebb7640ecd70dd33061ba90cc7666b7ff06042a8bd7cf63fb 56.62MB / 197.13MB 757.3s
#7 sha256:e94932625c5ab18ebb7640ecd70dd33061ba90cc7666b7ff06042a8bd7cf63fb 56.62MB / 197.13MB 762.3s
#7 sha256:e94932625c5ab18ebb7640ecd70dd33061ba90cc7666b7ff06042a8bd7cf63fb 57.67MB / 197.13MB 767.5s
#7 sha256:e94932625c5ab18ebb7640ecd70dd33061ba90cc7666b7ff06042a8bd7cf63fb 57.67MB / 197.13MB 772.7s
#7 sha256:e94932625c5ab18ebb7640ecd70dd33061ba90cc7666b7ff06042a8bd7cf63fb 57.67MB / 197.13MB 777.8s
#7 sha256:e94932625c5ab18ebb7640ecd70dd33061ba90cc7666b7ff06042a8bd7cf63fb 57.67MB / 197.13MB 782.8s
#7 sha256:e94932625c5ab18ebb7640ecd70dd33061ba90cc7666b7ff06042a8bd7cf63fb 57.67MB / 197.13MB 787.9s
#7 sha256:e94932625c5ab18ebb7640ecd70dd33061ba90cc7666b7ff06042a8bd7cf63fb 58.72MB / 197.13MB 793.0s
#7 sha256:e94932625c5ab18ebb7640ecd70dd33061ba90cc7666b7ff06042a8bd7cf63fb 58.72MB / 197.13MB 798.2s
#7 sha256:e94932625c5ab18ebb7640ecd70dd33061ba90cc7666b7ff06042a8bd7cf63fb 58.72MB / 197.13MB 803.3s
#7 sha256:e94932625c5ab18ebb7640ecd70dd33061ba90cc7666b7ff06042a8bd7cf63fb 58.72MB / 197.13MB 808.3s
#7 sha256:e94932625c5ab18ebb7640ecd70dd33061ba90cc7666b7ff06042a8bd7cf63fb 59.77MB / 197.13MB 813.3s
#7 sha256:e94932625c5ab18ebb7640ecd70dd33061ba90cc7666b7ff06042a8bd7cf63fb 59.77MB / 197.13MB 818.5s
#7 sha256:e94932625c5ab18ebb7640ecd70dd33061ba90cc7666b7ff06042a8bd7cf63fb 59.77MB / 197.13MB 823.6s
#7 sha256:e94932625c5ab18ebb7640ecd70dd33061ba90cc7666b7ff06042a8bd7cf63fb 59.77MB / 197.13MB 828.7s
#7 sha256:e94932625c5ab18ebb7640ecd70dd33061ba90cc7666b7ff06042a8bd7cf63fb 59.77MB / 197.13MB 833.7s
#7 sha256:e94932625c5ab18ebb7640ecd70dd33061ba90cc7666b7ff06042a8bd7cf63fb 60.82MB / 197.13MB 838.8s
#7 sha256:e94932625c5ab18ebb7640ecd70dd33061ba90cc7666b7ff06042a8bd7cf63fb 60.82MB / 197.13MB 843.9s
#7 sha256:e94932625c5ab18ebb7640ecd70dd33061ba90cc7666b7ff06042a8bd7cf63fb 60.82MB / 197.13MB 848.9s
#7 sha256:e94932625c5ab18ebb7640ecd70dd33061ba90cc7666b7ff06042a8bd7cf63fb 60.82MB / 197.13MB 853.9s
#7 sha256:e94932625c5ab18ebb7640ecd70dd33061ba90cc7666b7ff06042a8bd7cf63fb 60.82MB / 197.13MB 859.0s
#7 sha256:e94932625c5ab18ebb7640ecd70dd33061ba90cc7666b7ff06042a8bd7cf63fb 61.87MB / 197.13MB 864.1s
#7 sha256:e94932625c5ab18ebb7640ecd70dd33061ba90cc7666b7ff06042a8bd7cf63fb 61.87MB / 197.13MB 869.2s
#7 sha256:e94932625c5ab18ebb7640ecd70dd33061ba90cc7666b7ff06042a8bd7cf63fb 61.87MB / 197.13MB 874.3s
#7 sha256:e94932625c5ab18ebb7640ecd70dd33061ba90cc7666b7ff06042a8bd7cf63fb 61.87MB / 197.13MB 879.4s
#7 sha256:e94932625c5ab18ebb7640ecd70dd33061ba90cc7666b7ff06042a8bd7cf63fb 61.87MB / 197.13MB 884.4s
#7 sha256:e94932625c5ab18ebb7640ecd70dd33061ba90cc7666b7ff06042a8bd7cf63fb 62.91MB / 197.13MB 889.5s
#7 sha256:e94932625c5ab18ebb7640ecd70dd33061ba90cc7666b7ff06042a8bd7cf63fb 62.91MB / 197.13MB 894.5s
#7 sha256:e94932625c5ab18ebb7640ecd70dd33061ba90cc7666b7ff06042a8bd7cf63fb 62.91MB / 197.13MB 899.5s
#7 sha256:e94932625c5ab18ebb7640ecd70dd33061ba90cc7666b7ff06042a8bd7cf63fb 62.91MB / 197.13MB 904.6s
#7 sha256:e94932625c5ab18ebb7640ecd70dd33061ba90cc7666b7ff06042a8bd7cf63fb 62.91MB / 197.13MB 909.7s
#7 sha256:e94932625c5ab18ebb7640ecd70dd33061ba90cc7666b7ff06042a8bd7cf63fb 63.96MB / 197.13MB 914.8s
#7 sha256:e94932625c5ab18ebb7640ecd70dd33061ba90cc7666b7ff06042a8bd7cf63fb 63.96MB / 197.13MB 919.9s
#7 sha256:e94932625c5ab18ebb7640ecd70dd33061ba90cc7666b7ff06042a8bd7cf63fb 63.96MB / 197.13MB 924.9s
#7 sha256:e94932625c5ab18ebb7640ecd70dd33061ba90cc7666b7ff06042a8bd7cf63fb 63.96MB / 197.13MB 929.9s
#7 sha256:e94932625c5ab18ebb7640ecd70dd33061ba90cc7666b7ff06042a8bd7cf63fb 65.01MB / 197.13MB 935.0s
#7 sha256:e94932625c5ab18ebb7640ecd70dd33061ba90cc7666b7ff06042a8bd7cf63fb 65.01MB / 197.13MB 940.1s
#7 sha256:e94932625c5ab18ebb7640ecd70dd33061ba90cc7666b7ff06042a8bd7cf63fb 66.06MB / 197.13MB 945.2s
#7 ...

#11 [django 5/6] RUN pip install --no-cache-dir -r /app/requirements.txt
#11 660.3    ━━━━━━━━━━━━━━━━━━━━━━━━━━━━━━━━━━━━━━━━ 8.3/8.3 MB 14.3 kB/s eta 0:00:00
#11 660.5 Downloading django_cors_headers-4.9.0-py3-none-any.whl (12 kB)
#11 661.5 Downloading djangorestframework-3.16.1-py3-none-any.whl (1.1 MB)
#11 ...

#7 [nodebot 1/6] FROM docker.io/library/node:18-bullseye@sha256:0d9e9a8dcd5a83ea737ed92227a6591a31ad70c8bb722b0c51aff7ae23a88b6a
#7 sha256:e94932625c5ab18ebb7640ecd70dd33061ba90cc7666b7ff06042a8bd7cf63fb 66.06MB / 197.13MB 952.3s
#7 sha256:e94932625c5ab18ebb7640ecd70dd33061ba90cc7666b7ff06042a8bd7cf63fb 66.06MB / 197.13MB 957.4s
#7 sha256:e94932625c5ab18ebb7640ecd70dd33061ba90cc7666b7ff06042a8bd7cf63fb 66.06MB / 197.13MB 962.5s
#7 sha256:e94932625c5ab18ebb7640ecd70dd33061ba90cc7666b7ff06042a8bd7cf63fb 67.11MB / 197.13MB 967.5s
#7 sha256:e94932625c5ab18ebb7640ecd70dd33061ba90cc7666b7ff06042a8bd7cf63fb 67.11MB / 197.13MB 972.7s
#7 sha256:e94932625c5ab18ebb7640ecd70dd33061ba90cc7666b7ff06042a8bd7cf63fb 67.11MB / 197.13MB 977.7s
#7 sha256:e94932625c5ab18ebb7640ecd70dd33061ba90cc7666b7ff06042a8bd7cf63fb 67.11MB / 197.13MB 982.8s
#7 sha256:e94932625c5ab18ebb7640ecd70dd33061ba90cc7666b7ff06042a8bd7cf63fb 68.16MB / 197.13MB 987.9s
#7 sha256:e94932625c5ab18ebb7640ecd70dd33061ba90cc7666b7ff06042a8bd7cf63fb 68.16MB / 197.13MB 992.9s
#7 sha256:e94932625c5ab18ebb7640ecd70dd33061ba90cc7666b7ff06042a8bd7cf63fb 68.16MB / 197.13MB 998.1s
#7 sha256:e94932625c5ab18ebb7640ecd70dd33061ba90cc7666b7ff06042a8bd7cf63fb 69.21MB / 197.13MB 1003.1s
#7 sha256:e94932625c5ab18ebb7640ecd70dd33061ba90cc7666b7ff06042a8bd7cf63fb 69.21MB / 197.13MB 1008.2s
#7 sha256:e94932625c5ab18ebb7640ecd70dd33061ba90cc7666b7ff06042a8bd7cf63fb 69.21MB / 197.13MB 1013.4s
#7 sha256:e94932625c5ab18ebb7640ecd70dd33061ba90cc7666b7ff06042a8bd7cf63fb 69.21MB / 197.13MB 1018.6s
#7 sha256:e94932625c5ab18ebb7640ecd70dd33061ba90cc7666b7ff06042a8bd7cf63fb 69.21MB / 197.13MB 1023.7s
#7 ...

#11 [django 5/6] RUN pip install --no-cache-dir -r /app/requirements.txt
#11 738.0    ━━━━━━━━━━━━━━━━━━━━━━━━━━━━━━━━━━━━━━━━ 1.1/1.1 MB 14.7 kB/s eta 0:00:00
#11 738.2 Downloading idna-3.10-py3-none-any.whl (70 kB)
#11 ...

#7 [nodebot 1/6] FROM docker.io/library/node:18-bullseye@sha256:0d9e9a8dcd5a83ea737ed92227a6591a31ad70c8bb722b0c51aff7ae23a88b6a
#7 sha256:e94932625c5ab18ebb7640ecd70dd33061ba90cc7666b7ff06042a8bd7cf63fb 70.25MB / 197.13MB 1029.9s
#7 ...

#11 [django 5/6] RUN pip install --no-cache-dir -r /app/requirements.txt
#11 745.3    ━━━━━━━━━━━━━━━━━━━━━━━━━━━━━━━━━━━━━━━━ 70.4/70.4 kB 10.1 kB/s eta 0:00:00
#11 745.4 Downloading python_decouple-3.8-py3-none-any.whl (9.9 kB)
#11 746.6 Downloading requests-2.32.5-py3-none-any.whl (64 kB)
#11 750.4    ━━━━━━━━━━━━━━━━━━━━━━━━━━━━━━━━━━━━━━━━ 64.7/64.7 kB 20.0 kB/s eta 0:00:00
#11 750.5 Downloading sqlparse-0.5.3-py3-none-any.whl (44 kB)
#11 ...

#7 [nodebot 1/6] FROM docker.io/library/node:18-bullseye@sha256:0d9e9a8dcd5a83ea737ed92227a6591a31ad70c8bb722b0c51aff7ae23a88b6a
#7 sha256:e94932625c5ab18ebb7640ecd70dd33061ba90cc7666b7ff06042a8bd7cf63fb 70.25MB / 197.13MB 1037.4s
#7 ...

#11 [django 5/6] RUN pip install --no-cache-dir -r /app/requirements.txt
#11 753.3    ━━━━━━━━━━━━━━━━━━━━━━━━━━━━━━━━━━━━━━━━ 44.4/44.4 kB 17.6 kB/s eta 0:00:00
#11 753.5 Downloading urllib3-2.5.0-py3-none-any.whl (129 kB)
#11 ...

#7 [nodebot 1/6] FROM docker.io/library/node:18-bullseye@sha256:0d9e9a8dcd5a83ea737ed92227a6591a31ad70c8bb722b0c51aff7ae23a88b6a
#7 sha256:e94932625c5ab18ebb7640ecd70dd33061ba90cc7666b7ff06042a8bd7cf63fb 70.25MB / 197.13MB 1045.2s
#7 ...

#11 [django 5/6] RUN pip install --no-cache-dir -r /app/requirements.txt
#11 762.6    ━━━━━━━━━━━━━━━━━━━━━━━━━━━━━━━━━━━━━━━━ 129.8/129.8 kB 16.0 kB/s eta 0:00:00
#11 762.8 Downloading gunicorn-23.0.0-py3-none-any.whl (85 kB)
#11 ...

#7 [nodebot 1/6] FROM docker.io/library/node:18-bullseye@sha256:0d9e9a8dcd5a83ea737ed92227a6591a31ad70c8bb722b0c51aff7ae23a88b6a
#7 sha256:e94932625c5ab18ebb7640ecd70dd33061ba90cc7666b7ff06042a8bd7cf63fb 71.30MB / 197.13MB 1054.4s
#7 sha256:e94932625c5ab18ebb7640ecd70dd33061ba90cc7666b7ff06042a8bd7cf63fb 71.30MB / 197.13MB 1059.4s
#7 sha256:e94932625c5ab18ebb7640ecd70dd33061ba90cc7666b7ff06042a8bd7cf63fb 71.30MB / 197.13MB 1064.5s
#7 ...

#11 [django 5/6] RUN pip install --no-cache-dir -r /app/requirements.txt
#11 768.6    ━━━━━━━━━━━━━━━━━━━━━━━━━━━━━━━━━━━━━━━━ 85.0/85.0 kB 15.7 kB/s eta 0:00:00
#11 768.8 Downloading psycopg2_binary-2.9.11-cp311-cp311-manylinux2014_x86_64.manylinux_2_17_x86_64.whl (4.2 MB)
#11 ...

#7 [nodebot 1/6] FROM docker.io/library/node:18-bullseye@sha256:0d9e9a8dcd5a83ea737ed92227a6591a31ad70c8bb722b0c51aff7ae23a88b6a
#7 sha256:e94932625c5ab18ebb7640ecd70dd33061ba90cc7666b7ff06042a8bd7cf63fb 71.30MB / 197.13MB 1069.6s
#7 sha256:e94932625c5ab18ebb7640ecd70dd33061ba90cc7666b7ff06042a8bd7cf63fb 71.30MB / 197.13MB 1074.7s
#7 sha256:e94932625c5ab18ebb7640ecd70dd33061ba90cc7666b7ff06042a8bd7cf63fb 72.35MB / 197.13MB 1079.7s
#7 sha256:e94932625c5ab18ebb7640ecd70dd33061ba90cc7666b7ff06042a8bd7cf63fb 72.35MB / 197.13MB 1084.8s
#7 sha256:e94932625c5ab18ebb7640ecd70dd33061ba90cc7666b7ff06042a8bd7cf63fb 72.35MB / 197.13MB 1090.0s
#7 sha256:e94932625c5ab18ebb7640ecd70dd33061ba90cc7666b7ff06042a8bd7cf63fb 72.35MB / 197.13MB 1095.1s
#7 sha256:e94932625c5ab18ebb7640ecd70dd33061ba90cc7666b7ff06042a8bd7cf63fb 72.35MB / 197.13MB 1100.3s
#7 sha256:e94932625c5ab18ebb7640ecd70dd33061ba90cc7666b7ff06042a8bd7cf63fb 73.40MB / 197.13MB 1105.4s
#7 sha256:e94932625c5ab18ebb7640ecd70dd33061ba90cc7666b7ff06042a8bd7cf63fb 73.40MB / 197.13MB 1110.5s
#7 sha256:e94932625c5ab18ebb7640ecd70dd33061ba90cc7666b7ff06042a8bd7cf63fb 73.40MB / 197.13MB 1115.6s
#7 sha256:e94932625c5ab18ebb7640ecd70dd33061ba90cc7666b7ff06042a8bd7cf63fb 73.40MB / 197.13MB 1120.8s
#7 sha256:e94932625c5ab18ebb7640ecd70dd33061ba90cc7666b7ff06042a8bd7cf63fb 73.40MB / 197.13MB 1125.8s
#7 sha256:e94932625c5ab18ebb7640ecd70dd33061ba90cc7666b7ff06042a8bd7cf63fb 74.45MB / 197.13MB 1130.9s
#7 sha256:e94932625c5ab18ebb7640ecd70dd33061ba90cc7666b7ff06042a8bd7cf63fb 74.45MB / 197.13MB 1136.0s
#7 sha256:e94932625c5ab18ebb7640ecd70dd33061ba90cc7666b7ff06042a8bd7cf63fb 74.45MB / 197.13MB 1141.1s
#7 sha256:e94932625c5ab18ebb7640ecd70dd33061ba90cc7666b7ff06042a8bd7cf63fb 74.45MB / 197.13MB 1146.2s
#7 sha256:e94932625c5ab18ebb7640ecd70dd33061ba90cc7666b7ff06042a8bd7cf63fb 75.50MB / 197.13MB 1151.4s
#7 sha256:e94932625c5ab18ebb7640ecd70dd33061ba90cc7666b7ff06042a8bd7cf63fb 75.50MB / 197.13MB 1156.5s
#7 sha256:e94932625c5ab18ebb7640ecd70dd33061ba90cc7666b7ff06042a8bd7cf63fb 75.50MB / 197.13MB 1161.6s
#7 sha256:e94932625c5ab18ebb7640ecd70dd33061ba90cc7666b7ff06042a8bd7cf63fb 75.50MB / 197.13MB 1166.7s
#7 sha256:e94932625c5ab18ebb7640ecd70dd33061ba90cc7666b7ff06042a8bd7cf63fb 75.50MB / 197.13MB 1171.7s
#7 sha256:e94932625c5ab18ebb7640ecd70dd33061ba90cc7666b7ff06042a8bd7cf63fb 76.55MB / 197.13MB 1176.8s
#7 sha256:e94932625c5ab18ebb7640ecd70dd33061ba90cc7666b7ff06042a8bd7cf63fb 76.55MB / 197.13MB 1181.9s
#7 sha256:e94932625c5ab18ebb7640ecd70dd33061ba90cc7666b7ff06042a8bd7cf63fb 76.55MB / 197.13MB 1186.9s
#7 sha256:e94932625c5ab18ebb7640ecd70dd33061ba90cc7666b7ff06042a8bd7cf63fb 76.55MB / 197.13MB 1191.9s
#7 sha256:e94932625c5ab18ebb7640ecd70dd33061ba90cc7666b7ff06042a8bd7cf63fb 76.55MB / 197.13MB 1196.9s
#7 sha256:e94932625c5ab18ebb7640ecd70dd33061ba90cc7666b7ff06042a8bd7cf63fb 77.59MB / 197.13MB 1202.0s
#7 sha256:e94932625c5ab18ebb7640ecd70dd33061ba90cc7666b7ff06042a8bd7cf63fb 77.59MB / 197.13MB 1207.1s
#7 sha256:e94932625c5ab18ebb7640ecd70dd33061ba90cc7666b7ff06042a8bd7cf63fb 77.59MB / 197.13MB 1212.2s
#7 sha256:e94932625c5ab18ebb7640ecd70dd33061ba90cc7666b7ff06042a8bd7cf63fb 77.59MB / 197.13MB 1217.3s
#7 sha256:e94932625c5ab18ebb7640ecd70dd33061ba90cc7666b7ff06042a8bd7cf63fb 77.59MB / 197.13MB 1222.4s
#7 sha256:e94932625c5ab18ebb7640ecd70dd33061ba90cc7666b7ff06042a8bd7cf63fb 78.64MB / 197.13MB 1227.5s
#7 sha256:e94932625c5ab18ebb7640ecd70dd33061ba90cc7666b7ff06042a8bd7cf63fb 78.64MB / 197.13MB 1232.7s
#7 sha256:e94932625c5ab18ebb7640ecd70dd33061ba90cc7666b7ff06042a8bd7cf63fb 79.69MB / 197.13MB 1237.8s
#7 sha256:e94932625c5ab18ebb7640ecd70dd33061ba90cc7666b7ff06042a8bd7cf63fb 79.69MB / 197.13MB 1242.8s
#7 sha256:e94932625c5ab18ebb7640ecd70dd33061ba90cc7666b7ff06042a8bd7cf63fb 79.69MB / 197.13MB 1247.8s
#7 sha256:e94932625c5ab18ebb7640ecd70dd33061ba90cc7666b7ff06042a8bd7cf63fb 79.69MB / 197.13MB 1252.9s
#7 sha256:e94932625c5ab18ebb7640ecd70dd33061ba90cc7666b7ff06042a8bd7cf63fb 80.74MB / 197.13MB 1257.9s
#7 sha256:e94932625c5ab18ebb7640ecd70dd33061ba90cc7666b7ff06042a8bd7cf63fb 80.74MB / 197.13MB 1263.1s
#7 sha256:e94932625c5ab18ebb7640ecd70dd33061ba90cc7666b7ff06042a8bd7cf63fb 80.74MB / 197.13MB 1268.2s
#7 sha256:e94932625c5ab18ebb7640ecd70dd33061ba90cc7666b7ff06042a8bd7cf63fb 80.74MB / 197.13MB 1273.3s
#7 sha256:e94932625c5ab18ebb7640ecd70dd33061ba90cc7666b7ff06042a8bd7cf63fb 80.74MB / 197.13MB 1278.3s
#7 sha256:e94932625c5ab18ebb7640ecd70dd33061ba90cc7666b7ff06042a8bd7cf63fb 81.79MB / 197.13MB 1283.4s
#7 sha256:e94932625c5ab18ebb7640ecd70dd33061ba90cc7666b7ff06042a8bd7cf63fb 81.79MB / 197.13MB 1288.5s
#7 sha256:e94932625c5ab18ebb7640ecd70dd33061ba90cc7666b7ff06042a8bd7cf63fb 81.79MB / 197.13MB 1293.6s
#7 sha256:e94932625c5ab18ebb7640ecd70dd33061ba90cc7666b7ff06042a8bd7cf63fb 81.79MB / 197.13MB 1298.7s
#7 sha256:e94932625c5ab18ebb7640ecd70dd33061ba90cc7666b7ff06042a8bd7cf63fb 81.79MB / 197.13MB 1303.8s
#7 sha256:e94932625c5ab18ebb7640ecd70dd33061ba90cc7666b7ff06042a8bd7cf63fb 82.84MB / 197.13MB 1308.9s
#7 sha256:e94932625c5ab18ebb7640ecd70dd33061ba90cc7666b7ff06042a8bd7cf63fb 82.84MB / 197.13MB 1314.0s
#7 sha256:e94932625c5ab18ebb7640ecd70dd33061ba90cc7666b7ff06042a8bd7cf63fb 82.84MB / 197.13MB 1319.0s
#7 sha256:e94932625c5ab18ebb7640ecd70dd33061ba90cc7666b7ff06042a8bd7cf63fb 82.84MB / 197.13MB 1324.0s
#7 sha256:e94932625c5ab18ebb7640ecd70dd33061ba90cc7666b7ff06042a8bd7cf63fb 82.84MB / 197.13MB 1329.1s
#7 sha256:e94932625c5ab18ebb7640ecd70dd33061ba90cc7666b7ff06042a8bd7cf63fb 82.84MB / 197.13MB 1334.1s
#7 sha256:e94932625c5ab18ebb7640ecd70dd33061ba90cc7666b7ff06042a8bd7cf63fb 83.89MB / 197.13MB 1339.3s
#7 sha256:e94932625c5ab18ebb7640ecd70dd33061ba90cc7666b7ff06042a8bd7cf63fb 83.89MB / 197.13MB 1344.4s
#7 ...

#11 [django 5/6] RUN pip install --no-cache-dir -r /app/requirements.txt
#11 1060.5    ━━━━━━━━━━━━━━━━━━━━━━━━━━━━━━━━━━━━━━━━ 4.2/4.2 MB 15.4 kB/s eta 0:00:00
#11 1060.7 Downloading packaging-25.0-py3-none-any.whl (66 kB)
#11 1062.9    ━━━━━━━━━━━━━━━━━━━━━━━━━━━━━━━━━━━━━━━━ 66.5/66.5 kB 33.1 kB/s eta 0:00:00
#11 1063.0 Installing collected packages: python-decouple, urllib3, sqlparse, psycopg2-binary, packaging, idna, charset-normalizer, certifi, asgiref, requests, gunicorn, Django, djangorestframework, django-cors-headers
#11 1065.4 Successfully installed Django-5.2.7 asgiref-3.10.0 certifi-2025.10.5 charset-normalizer-3.4.3 django-cors-headers-4.9.0 djangorestframework-3.16.1 gunicorn-23.0.0 idna-3.10 packaging-25.0 psycopg2-binary-2.9.11 python-decouple-3.8 requests-2.32.5 sqlparse-0.5.3 urllib3-2.5.0
#11 1065.4 WARNING: Running pip as the 'root' user can result in broken permissions and conflicting behaviour with the system package manager. It is recommended to use a virtual environment instead: https://pip.pypa.io/warnings/venv
#11 1066.0 
#11 1066.0 [notice] A new release of pip is available: 24.0 -> 25.2
#11 1066.0 [notice] To update, run: pip install --upgrade pip
#11 ...

#7 [nodebot 1/6] FROM docker.io/library/node:18-bullseye@sha256:0d9e9a8dcd5a83ea737ed92227a6591a31ad70c8bb722b0c51aff7ae23a88b6a
#7 sha256:e94932625c5ab18ebb7640ecd70dd33061ba90cc7666b7ff06042a8bd7cf63fb 83.89MB / 197.13MB 1352.8s
#7 ...

#11 [django 5/6] RUN pip install --no-cache-dir -r /app/requirements.txt
#11 DONE 1066.4s

#7 [nodebot 1/6] FROM docker.io/library/node:18-bullseye@sha256:0d9e9a8dcd5a83ea737ed92227a6591a31ad70c8bb722b0c51aff7ae23a88b6a
#7 sha256:e94932625c5ab18ebb7640ecd70dd33061ba90cc7666b7ff06042a8bd7cf63fb 83.89MB / 197.13MB 1357.9s
#7 sha256:e94932625c5ab18ebb7640ecd70dd33061ba90cc7666b7ff06042a8bd7cf63fb 84.93MB / 197.13MB 1362.9s
#7 sha256:e94932625c5ab18ebb7640ecd70dd33061ba90cc7666b7ff06042a8bd7cf63fb 84.93MB / 197.13MB 1367.9s
#7 sha256:e94932625c5ab18ebb7640ecd70dd33061ba90cc7666b7ff06042a8bd7cf63fb 84.93MB / 197.13MB 1373.0s
#7 sha256:e94932625c5ab18ebb7640ecd70dd33061ba90cc7666b7ff06042a8bd7cf63fb 84.93MB / 197.13MB 1378.0s
#7 sha256:e94932625c5ab18ebb7640ecd70dd33061ba90cc7666b7ff06042a8bd7cf63fb 84.93MB / 197.13MB 1383.2s
#7 sha256:e94932625c5ab18ebb7640ecd70dd33061ba90cc7666b7ff06042a8bd7cf63fb 85.98MB / 197.13MB 1388.3s
#7 sha256:e94932625c5ab18ebb7640ecd70dd33061ba90cc7666b7ff06042a8bd7cf63fb 85.98MB / 197.13MB 1393.4s
#7 sha256:e94932625c5ab18ebb7640ecd70dd33061ba90cc7666b7ff06042a8bd7cf63fb 85.98MB / 197.13MB 1398.6s
#7 sha256:e94932625c5ab18ebb7640ecd70dd33061ba90cc7666b7ff06042a8bd7cf63fb 85.98MB / 197.13MB 1403.7s
#7 sha256:e94932625c5ab18ebb7640ecd70dd33061ba90cc7666b7ff06042a8bd7cf63fb 87.03MB / 197.13MB 1408.8s
#7 sha256:e94932625c5ab18ebb7640ecd70dd33061ba90cc7666b7ff06042a8bd7cf63fb 87.03MB / 197.13MB 1413.9s
#7 sha256:e94932625c5ab18ebb7640ecd70dd33061ba90cc7666b7ff06042a8bd7cf63fb 87.03MB / 197.13MB 1419.0s
#7 sha256:e94932625c5ab18ebb7640ecd70dd33061ba90cc7666b7ff06042a8bd7cf63fb 87.03MB / 197.13MB 1424.1s
#7 sha256:e94932625c5ab18ebb7640ecd70dd33061ba90cc7666b7ff06042a8bd7cf63fb 87.03MB / 197.13MB 1429.1s
#7 sha256:e94932625c5ab18ebb7640ecd70dd33061ba90cc7666b7ff06042a8bd7cf63fb 88.08MB / 197.13MB 1434.2s
#7 sha256:e94932625c5ab18ebb7640ecd70dd33061ba90cc7666b7ff06042a8bd7cf63fb 88.08MB / 197.13MB 1439.3s
#7 sha256:e94932625c5ab18ebb7640ecd70dd33061ba90cc7666b7ff06042a8bd7cf63fb 88.08MB / 197.13MB 1444.4s
#7 sha256:e94932625c5ab18ebb7640ecd70dd33061ba90cc7666b7ff06042a8bd7cf63fb 88.08MB / 197.13MB 1449.4s
#7 sha256:e94932625c5ab18ebb7640ecd70dd33061ba90cc7666b7ff06042a8bd7cf63fb 88.08MB / 197.13MB 1454.5s
#7 sha256:e94932625c5ab18ebb7640ecd70dd33061ba90cc7666b7ff06042a8bd7cf63fb 89.13MB / 197.13MB 1459.5s
#7 sha256:e94932625c5ab18ebb7640ecd70dd33061ba90cc7666b7ff06042a8bd7cf63fb 89.13MB / 197.13MB 1464.6s
#7 sha256:e94932625c5ab18ebb7640ecd70dd33061ba90cc7666b7ff06042a8bd7cf63fb 89.13MB / 197.13MB 1469.7s
#7 sha256:e94932625c5ab18ebb7640ecd70dd33061ba90cc7666b7ff06042a8bd7cf63fb 89.13MB / 197.13MB 1474.7s
